0 info it worked if it ends with ok
1 verbose cli [ '/usr/bin/nodejs', '/usr/bin/npm', 'install', 'jspdf', '--save' ]
2 info using npm@1.3.10
3 info using node@v0.10.25
4 verbose cache add [ 'jspdf', null ]
5 verbose cache add name=undefined spec="jspdf" args=["jspdf",null]
6 verbose parsed url { protocol: null,
6 verbose parsed url   slashes: null,
6 verbose parsed url   auth: null,
6 verbose parsed url   host: null,
6 verbose parsed url   port: null,
6 verbose parsed url   hostname: null,
6 verbose parsed url   hash: null,
6 verbose parsed url   search: null,
6 verbose parsed url   query: null,
6 verbose parsed url   pathname: 'jspdf',
6 verbose parsed url   path: 'jspdf',
6 verbose parsed url   href: 'jspdf' }
7 silly lockFile 05c4da6e-jspdf jspdf
8 verbose lock jspdf /home/marcio/.npm/05c4da6e-jspdf.lock
9 silly lockFile 05c4da6e-jspdf jspdf
10 silly lockFile 05c4da6e-jspdf jspdf
11 verbose addNamed [ 'jspdf', '' ]
12 verbose addNamed [ null, '*' ]
13 silly lockFile 8fbd244b-jspdf jspdf@
14 verbose lock jspdf@ /home/marcio/.npm/8fbd244b-jspdf.lock
15 silly addNameRange { name: 'jspdf', range: '*', hasData: false }
16 verbose url raw jspdf
17 verbose url resolving [ 'https://registry.npmjs.org/', './jspdf' ]
18 verbose url resolved https://registry.npmjs.org/jspdf
19 info trying registry request attempt 1 at 02:01:41
20 http GET https://registry.npmjs.org/jspdf
21 info retry will retry, error on last attempt: Error: connect ETIMEDOUT
22 info trying registry request attempt 2 at 02:03:59
23 http GET https://registry.npmjs.org/jspdf
24 info retry will retry, error on last attempt: Error: connect ETIMEDOUT
25 info trying registry request attempt 3 at 02:07:06
26 http GET https://registry.npmjs.org/jspdf
27 silly lockFile 8fbd244b-jspdf jspdf@
28 silly lockFile 8fbd244b-jspdf jspdf@
29 error network connect ETIMEDOUT
29 error network This is most likely not a problem with npm itself
29 error network and is related to network connectivity.
29 error network In most cases you are behind a proxy or have bad network settings.
29 error network
29 error network If you are behind a proxy, please make sure that the
29 error network 'proxy' config is set properly.  See: 'npm help config'
30 error System Linux 3.13.0-24-generic
31 error command "/usr/bin/nodejs" "/usr/bin/npm" "install" "jspdf" "--save"
32 error cwd /var/www/html/PHabs/include
33 error node -v v0.10.25
34 error npm -v 1.3.10
35 error syscall connect
36 error code ETIMEDOUT
37 error errno ETIMEDOUT
38 verbose exit [ 1, true ]
